<?xml version="1.0" encoding="UTF-8"?>
<robot generator="Robot 3.2.2 (Python 3.7.6 on win32)" generated="20210127 16:32:32.885" rpa="false">
<suite id="s1" name="Leadoo-test" source="Z:\Projects\Python3\Robotframework\Leadoo-test.robot">
<test id="s1-t1" name="Login and Bot Preview">
<kw name="Open Browser" library="SeleniumLibrary">
<doc>Opens a new browser instance to the optional ``url``.</doc>
<arguments>
<arg>https://app.interactiveads.ai/signin</arg>
<arg>chrome</arg>
</arguments>
<msg timestamp="20210127 16:32:33.045" level="INFO">Opening browser 'chrome' to base url 'https://app.interactiveads.ai/signin'.</msg>
<status status="PASS" starttime="20210127 16:32:33.045" endtime="20210127 16:32:36.098"></status>
</kw>
<kw name="Input Text" library="SeleniumLibrary">
<doc>Types the given ``text`` into the text field identified by ``locator``.</doc>
<arguments>
<arg>name:email</arg>
<arg>otto.kuparsaari@leadoo.com</arg>
</arguments>
<msg timestamp="20210127 16:32:36.099" level="INFO">Typing text 'otto.kuparsaari@leadoo.com' into text field 'name:email'.</msg>
<status status="PASS" starttime="20210127 16:32:36.099" endtime="20210127 16:32:36.202"></status>
</kw>
<kw name="Input Text" library="SeleniumLibrary">
<doc>Types the given ``text`` into the text field identified by ``locator``.</doc>
<arguments>
<arg>name:password</arg>
<arg>${password}</arg>
</arguments>
<msg timestamp="20210127 16:32:36.202" level="INFO">Typing text 'Nie3giej()!' into text field 'name:password'.</msg>
<status status="PASS" starttime="20210127 16:32:36.202" endtime="20210127 16:32:36.285"></status>
</kw>
<kw name="Click Button" library="SeleniumLibrary">
<doc>Clicks the button identified by ``locator``.</doc>
<arguments>
<arg>class=btn</arg>
</arguments>
<msg timestamp="20210127 16:32:36.286" level="INFO">Clicking button 'class=btn'.</msg>
<status status="PASS" starttime="20210127 16:32:36.285" endtime="20210127 16:32:36.814"></status>
</kw>
<kw name="Get Element Count" library="SeleniumLibrary">
<doc>Returns the number of elements matching ``locator``.</doc>
<arguments>
<arg>class=btn</arg>
</arguments>
<assign>
<var>${c}</var>
</assign>
<msg timestamp="20210127 16:32:36.825" level="INFO">${c} = 2</msg>
<status status="PASS" starttime="20210127 16:32:36.814" endtime="20210127 16:32:36.825"></status>
</kw>
<kw name="Run Keyword If" library="BuiltIn">
<doc>Runs the given keyword with the given arguments, if ``condition`` is true.</doc>
<arguments>
<arg>${c}&gt;1</arg>
<arg>Click Element</arg>
<arg>class=btn</arg>
</arguments>
<kw name="Click Element" library="SeleniumLibrary">
<doc>Click the element identified by ``locator``.</doc>
<arguments>
<arg>class=btn</arg>
</arguments>
<msg timestamp="20210127 16:32:36.827" level="INFO">Clicking element 'class=btn'.</msg>
<status status="PASS" starttime="20210127 16:32:36.827" endtime="20210127 16:32:49.375"></status>
</kw>
<status status="PASS" starttime="20210127 16:32:36.826" endtime="20210127 16:32:49.375"></status>
</kw>
<kw name="Go To" library="SeleniumLibrary">
<doc>Navigates the current browser window to the provided ``url``.</doc>
<arguments>
<arg>https://app.interactiveads.ai/bot/chat</arg>
</arguments>
<msg timestamp="20210127 16:32:49.376" level="INFO">Opening url 'https://app.interactiveads.ai/bot/chat'</msg>
<status status="PASS" starttime="20210127 16:32:49.375" endtime="20210127 16:32:49.808"></status>
</kw>
<kw name="Wait Until Element Is Visible" library="SeleniumLibrary">
<doc>Waits until the element ``locator`` is visible.</doc>
<arguments>
<arg>${preview}</arg>
</arguments>
<status status="PASS" starttime="20210127 16:32:49.809" endtime="20210127 16:32:50.279"></status>
</kw>
<kw name="Click Element" library="SeleniumLibrary">
<doc>Click the element identified by ``locator``.</doc>
<arguments>
<arg>${preview}</arg>
</arguments>
<msg timestamp="20210127 16:32:50.280" level="INFO">Clicking element '//*[@id="dt-item-45"]/td[9]/button/i'.</msg>
<status status="PASS" starttime="20210127 16:32:50.280" endtime="20210127 16:32:50.527"></status>
</kw>
<kw name="Wait Until Element Is Visible" library="SeleniumLibrary">
<doc>Waits until the element ``locator`` is visible.</doc>
<arguments>
<arg>${previewWindow}</arg>
</arguments>
<status status="PASS" starttime="20210127 16:32:50.527" endtime="20210127 16:32:50.782"></status>
</kw>
<kw name="Wait Until Element Is Visible" library="SeleniumLibrary">
<doc>Waits until the element ``locator`` is visible.</doc>
<arguments>
<arg>${answer}</arg>
</arguments>
<kw name="Capture Page Screenshot" library="SeleniumLibrary">
<doc>Takes a screenshot of the current page and embeds it into a log file.</doc>
<msg timestamp="20210127 16:32:56.270" level="INFO" html="yes">&lt;/td&gt;&lt;/tr&gt;&lt;tr&gt;&lt;td colspan="3"&gt;&lt;a href="selenium-screenshot-11.png"&gt;&lt;img src="selenium-screenshot-11.png" width="800px"&gt;&lt;/a&gt;</msg>
<status status="PASS" starttime="20210127 16:32:55.979" endtime="20210127 16:32:56.270"></status>
</kw>
<msg timestamp="20210127 16:32:56.272" level="FAIL">Element '//*[@id="js-div-answer"]' not visible after 5 seconds.</msg>
<status status="FAIL" starttime="20210127 16:32:50.783" endtime="20210127 16:32:56.272"></status>
</kw>
<status status="FAIL" starttime="20210127 16:32:33.045" endtime="20210127 16:32:56.273" critical="yes">Element '//*[@id="js-div-answer"]' not visible after 5 seconds.</status>
</test>
<status status="FAIL" starttime="20210127 16:32:32.886" endtime="20210127 16:32:56.274"></status>
</suite>
<statistics>
<total>
<stat pass="0" fail="1">Critical Tests</stat>
<stat pass="0" fail="1">All Tests</stat>
</total>
<tag>
</tag>
<suite>
<stat pass="0" fail="1" id="s1" name="Leadoo-test">Leadoo-test</stat>
</suite>
</statistics>
<errors>
</errors>
</robot>
