<?xml version="1.0" encoding="UTF-8"?>
<robot generator="Robot 3.2.2 (Python 3.8.5 on win32)" generated="20210129 12:54:56.826" rpa="false">
<suite id="s1" name="Leadoo-test" source="C:\Leadoo\git\robot-QA\Leadoo-test.robot">
<test id="s1-t1" name="Login and Bot Preview">
<kw name="Login" library="common">
<arguments>
<arg>otto.kuparsaari@leadoo.com</arg>
<arg>${password}</arg>
<arg>${fComp}</arg>
</arguments>
<kw name="Open Browser" library="SeleniumLibrary">
<doc>Opens a new browser instance to the optional ``url``.</doc>
<arguments>
<arg>https://app.interactiveads.ai/</arg>
<arg>chrome</arg>
</arguments>
<msg timestamp="20210129 12:55:02.997" level="INFO">Opening browser 'chrome' to base url 'https://app.interactiveads.ai/'.</msg>
<status status="PASS" starttime="20210129 12:55:02.997" endtime="20210129 12:55:05.887"></status>
</kw>
<kw name="Input Text" library="SeleniumLibrary">
<doc>Types the given ``text`` into the text field identified by ``locator``.</doc>
<arguments>
<arg>name:email</arg>
<arg>otto.kuparsaari@leadoo.com</arg>
</arguments>
<msg timestamp="20210129 12:55:05.888" level="INFO">Typing text 'otto.kuparsaari@leadoo.com' into text field 'name:email'.</msg>
<status status="PASS" starttime="20210129 12:55:05.888" endtime="20210129 12:55:06.036"></status>
</kw>
<kw name="Input Text" library="SeleniumLibrary">
<doc>Types the given ``text`` into the text field identified by ``locator``.</doc>
<arguments>
<arg>name:password</arg>
<arg>${password}</arg>
</arguments>
<msg timestamp="20210129 12:55:06.036" level="INFO">Typing text 'Nie3giej()!' into text field 'name:password'.</msg>
<status status="PASS" starttime="20210129 12:55:06.036" endtime="20210129 12:55:06.186"></status>
</kw>
<kw name="Click Button" library="SeleniumLibrary">
<doc>Clicks the button identified by ``locator``.</doc>
<arguments>
<arg>class=btn</arg>
</arguments>
<msg timestamp="20210129 12:55:06.194" level="INFO">Clicking button 'class=btn'.</msg>
<status status="PASS" starttime="20210129 12:55:06.186" endtime="20210129 12:55:06.806"></status>
</kw>
<kw name="Get Element Count" library="SeleniumLibrary">
<doc>Returns the number of elements matching ``locator``.</doc>
<arguments>
<arg>class=btn</arg>
</arguments>
<assign>
<var>${c}</var>
</assign>
<msg timestamp="20210129 12:55:06.824" level="INFO">${c} = 2</msg>
<status status="PASS" starttime="20210129 12:55:06.806" endtime="20210129 12:55:06.824"></status>
</kw>
<kw name="Wait Until Element Contains" library="SeleniumLibrary">
<doc>Waits until the element ``locator`` contains ``text``.</doc>
<arguments>
<arg>${fComp}</arg>
<arg>${nameInput}</arg>
<arg>timeout=10</arg>
</arguments>
<status status="PASS" starttime="20210129 12:55:06.824" endtime="20210129 12:55:07.352"></status>
</kw>
<kw name="Click Element" library="SeleniumLibrary">
<doc>Click the element identified by ``locator``.</doc>
<arguments>
<arg>${fComp}</arg>
</arguments>
<msg timestamp="20210129 12:55:07.354" level="INFO">Clicking element 'xpath:/html/body/div[1]/div/div/div/a[1]'.</msg>
<status status="PASS" starttime="20210129 12:55:07.354" endtime="20210129 12:55:20.213"></status>
</kw>
<status status="PASS" starttime="20210129 12:55:02.996" endtime="20210129 12:55:20.213"></status>
</kw>
<kw name="Open Preview" library="common">
<kw name="Go To" library="SeleniumLibrary">
<doc>Navigates the current browser window to the provided ``url``.</doc>
<arguments>
<arg>https://app.interactiveads.ai/bot/chat</arg>
</arguments>
<msg timestamp="20210129 12:55:20.216" level="INFO">Opening url 'https://app.interactiveads.ai/bot/chat'</msg>
<status status="PASS" starttime="20210129 12:55:20.216" endtime="20210129 12:55:20.583"></status>
</kw>
<kw name="Wait Until Element Is Visible" library="SeleniumLibrary">
<doc>Waits until the element ``locator`` is visible.</doc>
<arguments>
<arg>${preview}</arg>
</arguments>
<status status="PASS" starttime="20210129 12:55:20.583" endtime="20210129 12:55:21.266"></status>
</kw>
<kw name="Click Element" library="SeleniumLibrary">
<doc>Click the element identified by ``locator``.</doc>
<arguments>
<arg>${preview}</arg>
</arguments>
<msg timestamp="20210129 12:55:21.267" level="INFO">Clicking element '//*[@id="dt-item-45"]/td[9]/button/i'.</msg>
<status status="PASS" starttime="20210129 12:55:21.267" endtime="20210129 12:55:21.499"></status>
</kw>
<kw name="Wait Until Element Is Visible" library="SeleniumLibrary">
<doc>Waits until the element ``locator`` is visible.</doc>
<arguments>
<arg>${previewWindow}</arg>
</arguments>
<status status="PASS" starttime="20210129 12:55:21.499" endtime="20210129 12:55:21.799"></status>
</kw>
<status status="PASS" starttime="20210129 12:55:20.215" endtime="20210129 12:55:21.799"></status>
</kw>
<status status="PASS" starttime="20210129 12:55:02.995" endtime="20210129 12:55:21.804" critical="yes"></status>
</test>
<status status="PASS" starttime="20210129 12:54:56.828" endtime="20210129 12:55:21.807"></status>
</suite>
<statistics>
<total>
<stat pass="1" fail="0">Critical Tests</stat>
<stat pass="1" fail="0">All Tests</stat>
</total>
<tag>
</tag>
<suite>
<stat pass="1" fail="0" id="s1" name="Leadoo-test">Leadoo-test</stat>
</suite>
</statistics>
<errors>
</errors>
</robot>
